<?xml version="1.0" encoding="UTF-8"?>
<!-- Generated by org.testng.reporters.JUnitXMLReporter -->
<testsuite ignored="4" hostname="DESKTOP-GPJOP6O" failures="0" tests="3" name="Test" time="96.875" errors="0" timestamp="21 Feb 2023 03:22:19 GMT">
  <testcase classname="TestPack.LoginTest" name="Login" time="6.632"/>
  <testcase classname="TestPack.DashboardTest" name="Dashboard" time="4.779"/>
  <testcase classname="TestPack.AddSbuinitialTestCases" name="testcase" time="85.398"/>
  <testcase classname="BasePack.QDMSDriver" name="@BeforeSuite main" time="0.0">
    <ignored/>
  </testcase> <!-- @BeforeSuite main -->
  <testcase classname="BasePack.QDMSDriver" name="@BeforeSuite main" time="0.0">
    <ignored/>
  </testcase> <!-- @BeforeSuite main -->
  <testcase classname="BasePack.QDMSDriver" name="@AfterSuite closeChrome" time="0.0">
    <ignored/>
  </testcase> <!-- @AfterSuite closeChrome -->
  <testcase classname="BasePack.QDMSDriver" name="@AfterSuite closeChrome" time="0.0">
    <ignored/>
  </testcase> <!-- @AfterSuite closeChrome -->
</testsuite> <!-- Test -->
