<?xml version="1.0" encoding="UTF-8"?>
<testng-results ignored="4" total="7" passed="3" failed="0" skipped="0">
  <reporter-output>
  </reporter-output>
  <suite started-at="2023-02-20T10:28:34Z" name="Suite" finished-at="2023-02-20T10:30:09Z" duration-ms="95152">
    <groups>
    </groups>
    <test started-at="2023-02-20T10:28:34Z" name="Test" finished-at="2023-02-20T10:30:09Z" duration-ms="95152">
      <class name="TestPack.AddSbuinitialTestCases">
        <test-method signature="testcase()[pri:0, instance:TestPack.AddSbuinitialTestCases@211febf3]" started-at="2023-02-20T10:28:44Z" name="testcase" finished-at="2023-02-20T10:30:09Z" duration-ms="84829" status="PASS">
          <reporter-output>
          </reporter-output>
        </test-method> <!-- testcase -->
      </class> <!-- TestPack.AddSbuinitialTestCases -->
      <class name="TestPack.DashboardTest">
        <test-method signature="Dashboard()[pri:0, instance:TestPack.DashboardTest@4eb45fec]" started-at="2023-02-20T10:28:40Z" name="Dashboard" finished-at="2023-02-20T10:28:44Z" duration-ms="4250" status="PASS">
          <reporter-output>
          </reporter-output>
        </test-method> <!-- Dashboard -->
      </class> <!-- TestPack.DashboardTest -->
      <class name="TestPack.LoginTest">
        <test-method is-config="true" signature="main()[pri:0, instance:TestPack.LoginTest@39ad12b6]" started-at="2023-02-20T10:28:28Z" name="main" finished-at="2023-02-20T10:28:34Z" duration-ms="5693" status="PASS">
          <reporter-output>
          </reporter-output>
        </test-method> <!-- main -->
        <test-method signature="Login()[pri:0, instance:TestPack.LoginTest@39ad12b6]" started-at="2023-02-20T10:28:34Z" name="Login" finished-at="2023-02-20T10:28:40Z" duration-ms="6030" status="PASS">
          <reporter-output>
          </reporter-output>
        </test-method> <!-- Login -->
        <test-method is-config="true" signature="closeChrome()[pri:0, instance:TestPack.LoginTest@39ad12b6]" started-at="2023-02-20T10:30:09Z" name="closeChrome" finished-at="2023-02-20T10:30:09Z" duration-ms="348" status="PASS">
          <reporter-output>
          </reporter-output>
        </test-method> <!-- closeChrome -->
      </class> <!-- TestPack.LoginTest -->
    </test> <!-- Test -->
  </suite> <!-- Suite -->
</testng-results>
